<?xml version="1.0" encoding="UTF-8"?>
<Site BuildName="(empty)"
	BuildStamp="20210421-0845-Experimental"
	Name="maverick-ThinkPad-X260"
	Generator="ctest-3.16.3"
	CompilerName="/bin/x86_64-linux-gnu-g++-9"
	CompilerVersion="9.3.0"
	OSName="Linux"
	Hostname="maverick-ThinkPad-X260"
	OSRelease="5.8.0-50-generic"
	OSVersion="#56~20.04.1-Ubuntu SMP Mon Apr 12 21:46:35 UTC 2021"
	OSPlatform="x86_64"
	Is64Bits="1"
	VendorString="GenuineIntel"
	VendorID="Intel Corporation"
	FamilyID="6"
	ModelID="78"
	ProcessorCacheSize="3072"
	NumberOfLogicalCPU="4"
	NumberOfPhysicalCPU="2"
	TotalVirtualMemory="4735"
	TotalPhysicalMemory="7814"
	LogicalProcessorsPerPhysical="2"
	ProcessorClockFrequency="2703.81"
	>
	<Testing>
		<StartDateTime>Apr 21 10:45 CEST</StartDateTime>
		<StartTestTime>1618994705</StartTestTime>
		<TestList/>
		<EndDateTime>Apr 21 10:45 CEST</EndDateTime>
		<EndTestTime>1618994705</EndTestTime>
		<ElapsedMinutes>0</ElapsedMinutes>
	</Testing>
</Site>
